<?xml version="1.0" encoding="UTF-8"?>
<!-- Generated by org.testng.reporters.JUnitXMLReporter -->
<testsuite ignored="0" hostname="INBOOK_X1_SLIM" failures="0" tests="5" name="Test" time="49.287" errors="0" timestamp="2023-04-11T11:00:42 IST">
  <testcase classname="Script.DatabaseTest" name="demo" time="49.189"/>
  <testcase classname="Script.Str" name="java" time="0.004"/>
  <testcase classname="Script.TestScriptTest1" name="login" time="0.009"/>
  <testcase classname="Script.TestScriptTest1" name="password" time="0.002"/>
  <testcase classname="Script.TestScriptTest2" name="m1" time="0.004"/>
</testsuite> <!-- Test -->
