<?xml version="1.0" encoding="UTF-8"?>
<testng-results skipped="0" failed="0" ignored="0" total="1" passed="1">
  <reporter-output>
  </reporter-output>
  <suite name="Default suite" duration-ms="71" started-at="2023-04-03T09:28:56 IST" finished-at="2023-04-03T09:28:56 IST">
    <groups>
    </groups>
    <test name="Default test" duration-ms="71" started-at="2023-04-03T09:28:56 IST" finished-at="2023-04-03T09:28:56 IST">
      <class name="Script.TestScriptTest1">
        <test-method status="PASS" signature="login()[pri:0, instance:Script.TestScriptTest1@32d2fa64]" name="login" duration-ms="19" started-at="2023-04-03T09:28:56 IST" finished-at="2023-04-03T09:28:56 IST">
          <reporter-output>
          </reporter-output>
        </test-method> <!-- login -->
      </class> <!-- Script.TestScriptTest1 -->
    </test> <!-- Default test -->
  </suite> <!-- Default suite -->
</testng-results>
