<?xml version="1.0" encoding="UTF-8"?>
<testng-results ignored="0" total="5" passed="5" failed="0" skipped="0">
  <reporter-output>
  </reporter-output>
  <suite started-at="2023-04-11T10:59:52 IST" name="Suite" finished-at="2023-04-11T11:00:42 IST" duration-ms="49287">
    <groups>
      <group name="regression">
        <method signature="TestScriptTest1.password()[pri:0, instance:Script.TestScriptTest1@7ea9e1e2]" name="password" class="Script.TestScriptTest1"/>
      </group> <!-- regression -->
      <group name="smoke">
        <method signature="TestScriptTest1.login()[pri:0, instance:Script.TestScriptTest1@7ea9e1e2]" name="login" class="Script.TestScriptTest1"/>
        <method signature="TestScriptTest2.m1()[pri:0, instance:Script.TestScriptTest2@24fcf36f]" name="m1" class="Script.TestScriptTest2"/>
      </group> <!-- smoke -->
    </groups>
    <test started-at="2023-04-11T10:59:52 IST" name="Test" finished-at="2023-04-11T11:00:42 IST" duration-ms="49287">
      <class name="Script.TestScriptTest1">
        <test-method signature="login()[pri:0, instance:Script.TestScriptTest1@7ea9e1e2]" started-at="2023-04-11T11:00:42 IST" name="login" finished-at="2023-04-11T11:00:42 IST" duration-ms="9" status="PASS">
          <reporter-output>
          </reporter-output>
        </test-method> <!-- login -->
        <test-method signature="password()[pri:0, instance:Script.TestScriptTest1@7ea9e1e2]" started-at="2023-04-11T11:00:42 IST" name="password" finished-at="2023-04-11T11:00:42 IST" duration-ms="2" status="PASS">
          <reporter-output>
          </reporter-output>
        </test-method> <!-- password -->
      </class> <!-- Script.TestScriptTest1 -->
      <class name="Script.DatabaseTest">
        <test-method signature="demo(java.lang.String)[pri:0, instance:Script.DatabaseTest@1a4013]" started-at="2023-04-11T10:59:52 IST" name="demo" finished-at="2023-04-11T11:00:42 IST" duration-ms="49189" status="PASS">
          <params>
            <param index="0">
              <value>
                <![CDATA[chrome]]>
              </value>
            </param>
          </params>
          <reporter-output>
          </reporter-output>
        </test-method> <!-- demo -->
      </class> <!-- Script.DatabaseTest -->
      <class name="Script.Str">
        <test-method signature="java()[pri:0, instance:Script.Str@3059cbc]" started-at="2023-04-11T11:00:42 IST" name="java" finished-at="2023-04-11T11:00:42 IST" duration-ms="4" status="PASS">
          <reporter-output>
          </reporter-output>
        </test-method> <!-- java -->
      </class> <!-- Script.Str -->
      <class name="Script.TestScriptTest2">
        <test-method signature="m1()[pri:0, instance:Script.TestScriptTest2@24fcf36f]" started-at="2023-04-11T11:00:42 IST" name="m1" finished-at="2023-04-11T11:00:42 IST" duration-ms="4" status="PASS">
          <reporter-output>
          </reporter-output>
        </test-method> <!-- m1 -->
      </class> <!-- Script.TestScriptTest2 -->
    </test> <!-- Test -->
  </suite> <!-- Suite -->
</testng-results>
